-------------------------------------------------------------------------------
Test set: com.emr.DemoApplicationTests
-------------------------------------------------------------------------------
Tests run: 1, Failures: 0, Errors: 1, Skipped: 0, Time elapsed: 0.226 s <<< FAILURE! - in com.emr.DemoApplicationTests
com.emr.DemoApplicationTests  Time elapsed: 0.221 s  <<< ERROR!
java.lang.IllegalStateException: Unable to find a @SpringBootConfiguration, you need to use @ContextConfiguration or @SpringBootTest(classes=...) with your test

